{
  "type": "Buffer",
  "data": [
    123,
    34,
    100,
    101,
    116,
    97,
    105,
    108,
    34,
    58,
    123,
    34,
    116,
    121,
    112,
    101,
    34,
    58,
    34,
    97,
    117,
    116,
    104,
    111,
    114,
    105,
    122,
    97,
    116,
    105,
    111,
    110,
    95,
    101,
    114,
    114,
    111,
    114,
    34,
    44,
    34,
    99,
    111,
    100,
    101,
    34,
    58,
    34,
    115,
    117,
    98,
    115,
    99,
    114,
    105,
    112,
    116,
    105,
    111,
    110,
    95,
    114,
    101,
    113,
    117,
    105,
    114,
    101,
    100,
    34,
    44,
    34,
    109,
    101,
    115,
    115,
    97,
    103,
    101,
    34,
    58,
    34,
    77,
    111,
    100,
    101,
    108,
    32,
    105,
    115,
    32,
    110,
    111,
    116,
    32,
    97,
    118,
    97,
    105,
    108,
    97,
    98,
    108,
    101,
    32,
    111,
    110,
    32,
    116,
    104,
    101,
    32,
    102,
    114,
    101,
    101,
    32,
    116,
    105,
    101,
    114,
    46,
    32,
    84,
    104,
    101,
    32,
    101,
    108,
    101,
    118,
    101,
    110,
    95,
    109,
    111,
    110,
    111,
    108,
    105,
    110,
    103,
    117,
    97,
    108,
    95,
    118,
    49,
    32,
    97,
    110,
    100,
    32,
    101,
    108,
    101,
    118,
    101,
    110,
    95,
    109,
    117,
    108,
    116,
    105,
    108,
    105,
    110,
    103,
    117,
    97,
    108,
    95,
    118,
    49,
    32,
    109,
    111,
    100,
    101,
    108,
    115,
    32,
    97,
    114,
    101,
    32,
    100,
    101,
    112,
    114,
    101,
    99,
    97,
    116,
    101,
    100,
    32,
    97,
    110,
    100,
    32,
    104,
    97,
    118,
    101,
    32,
    98,
    101,
    101,
    110,
    32,
    114,
    101,
    109,
    111,
    118,
    101,
    100,
    32,
    102,
    114,
    111,
    109,
    32,
    116,
    104,
    101,
    32,
    102,
    114,
    101,
    101,
    32,
    116,
    105,
    101,
    114,
    46,
    32,
    80,
    108,
    101,
    97,
    115,
    101,
    32,
    109,
    105,
    103,
    114,
    97,
    116,
    101,
    32,
    116,
    111,
    32,
    110,
    101,
    119,
    101,
    114,
    32,
    109,
    111,
    100,
    101,
    108,
    115,
    32,
    102,
    111,
    114,
    32,
    99,
    111,
    110,
    116,
    105,
    110,
    117,
    101,
    100,
    32,
    115,
    101,
    114,
    118,
    105,
    99,
    101,
    46,
    34,
    44,
    34,
    115,
    116,
    97,
    116,
    117,
    115,
    34,
    58,
    34,
    109,
    111,
    100,
    101,
    108,
    95,
    100,
    101,
    112,
    114,
    101,
    99,
    97,
    116,
    101,
    100,
    95,
    102,
    114,
    101,
    101,
    95,
    116,
    105,
    101,
    114,
    34,
    44,
    34,
    114,
    101,
    113,
    117,
    101,
    115,
    116,
    95,
    105,
    100,
    34,
    58,
    34,
    101,
    54,
    101,
    49,
    49,
    53,
    48,
    97,
    98,
    52,
    50,
    54,
    100,
    98,
    48,
    54,
    48,
    52,
    102,
    100,
    48,
    97,
    102,
    101,
    52,
    48,
    98,
    48,
    51,
    56,
    99,
    49,
    34,
    125,
    125
  ]
}